Base path: /Applications/Unity/Hub/Editor/2018.4.13f1/Unity.app/Contents
Cmd: initializeCompiler
Cmd: compileComputeKernel
  api=14 insize=2059 outsize=789 ok=1
Cmd: translateComputeKernel
  api=14 insize=2129 outsize=3889 ok=1
Cmd: translateComputeKernel
  api=14 insize=1357 outsize=1453 ok=1
Cmd: compileComputeKernel
  api=14 insize=10881 outsize=11297 ok=1
Cmd: translateComputeKernel
  api=14 insize=10553 outsize=18425 ok=1
Cmd: compileComputeKernel
  api=14 insize=4855 outsize=5549 ok=1
Cmd: translateComputeKernel
  api=14 insize=11249 outsize=18625 ok=1
Cmd: translateComputeKernel
  api=14 insize=3445 outsize=6009 ok=1
Cmd: compileComputeKernel
  api=14 insize=18299 outsize=9637 ok=1
Cmd: compileComputeKernel
  api=14 insize=18299 outsize=9405 ok=1
Cmd: compileComputeKernel
  api=14 insize=18299 outsize=11797 ok=1
Cmd: translateComputeKernel
  api=14 insize=9721 outsize=16629 ok=1
Cmd: compileComputeKernel
  api=14 insize=1957 outsize=1137 ok=1
Cmd: translateComputeKernel
  api=14 insize=1145 outsize=1433 ok=1
Cmd: translateComputeKernel
  api=14 insize=2077 outsize=3273 ok=1
Cmd: initializeCompiler
Cmd: initializeCompiler
